-------------------------------------------------------------------------------
Test set: com.university.coursemanagement.service.StudentServiceTest
-------------------------------------------------------------------------------
Tests run: 6, Failures: 0, Errors: 1, Skipped: 0, Time elapsed: 0.069 s <<< FAILURE! -- in com.university.coursemanagement.service.StudentServiceTest
com.university.coursemanagement.service.StudentServiceTest.testUpdateStudent_Success -- Time elapsed: 0.003 s <<< ERROR!
org.mockito.exceptions.misusing.UnnecessaryStubbingException: 

Unnecessary stubbings detected.
Clean & maintainable test code requires zero unnecessary code.
Following stubbings are unnecessary (click to navigate to relevant line of code):
  1. -> at com.university.coursemanagement.service.StudentServiceTest.testUpdateStudent_Success(StudentServiceTest.java:108)
  2. -> at com.university.coursemanagement.service.StudentServiceTest.testUpdateStudent_Success(StudentServiceTest.java:109)
Please remove unnecessary stubbings or use 'lenient' strictness. More info: javadoc for UnnecessaryStubbingException class.
	at org.mockito.junit.jupiter.MockitoExtension.afterEach(MockitoExtension.java:192)
	at java.base/java.util.ArrayList.forEach(ArrayList.java:1511)
	at java.base/java.util.ArrayList.forEach(ArrayList.java:1511)

