<?xml version="1.0" encoding="UTF-8"?>
<testsuite xmlns:xsi="http://www.w3.org/2001/XMLSchema-instance" xsi:noNamespaceSchemaLocation="https://maven.apache.org/surefire/maven-surefire-plugin/xsd/surefire-test-report-3.0.xsd" version="3.0" name="com.university.coursemanagement.service.CourseServiceTest" time="0.206" tests="7" errors="1" skipped="0" failures="0">
  <properties>
[...]
</properties>
  <testcase name="testUpdateCourse_Success" classname="com.university.coursemanagement.service.CourseServiceTest" time="0.18">
    <error message="&#10;Unnecessary stubbings detected.&#10;Clean &amp; maintainable test code requires zero unnecessary code.&#10;Following stubbings are unnecessary (click to navigate to relevant line of code):&#10;  1. -&gt; at com.university.coursemanagement.service.CourseServiceTest.testUpdateCourse_Success(CourseServiceTest.java:105)&#10;Please remove unnecessary stubbings or use &apos;lenient&apos; strictness. More info: javadoc for UnnecessaryStubbingException class." type="org.mockito.exceptions.misusing.UnnecessaryStubbingException"><![CDATA[org.mockito.exceptions.misusing.UnnecessaryStubbingException: 

Unnecessary stubbings detected.
Clean & maintainable test code requires zero unnecessary code.
Following stubbings are unnecessary (click to navigate to relevant line of code):
  1. -> at com.university.coursemanagement.service.CourseServiceTest.testUpdateCourse_Success(CourseServiceTest.java:105)
Please remove unnecessary stubbings or use 'lenient' strictness. More info: javadoc for UnnecessaryStubbingException class.
	at org.mockito.junit.jupiter.MockitoExtension.afterEach(MockitoExtension.java:192)
	at java.base/java.util.ArrayList.forEach(ArrayList.java:1511)
	at java.base/java.util.ArrayList.forEach(ArrayList.java:1511)
]]></error>
  </testcase>
  <testcase name="testCreateCourse_DuplicateCode" classname="com.university.coursemanagement.service.CourseServiceTest" time="0.004"/>
  <testcase name="testCreateCourse_Success" classname="com.university.coursemanagement.service.CourseServiceTest" time="0.004"/>
  <testcase name="testDeleteCourse_NotFound" classname="com.university.coursemanagement.service.CourseServiceTest" time="0.002"/>
  <testcase name="testDeleteCourse_Success" classname="com.university.coursemanagement.service.CourseServiceTest" time="0.004"/>
  <testcase name="testGetCourseById_Success" classname="com.university.coursemanagement.service.CourseServiceTest" time="0.002"/>
  <testcase name="testGetCourseById_NotFound" classname="com.university.coursemanagement.service.CourseServiceTest" time="0.001"/>
</testsuite>